<?xml version="1.0" encoding="UTF-8"?>
<testng-results skipped="0" failed="0" ignored="0" total="1" passed="1">
  <reporter-output>
  </reporter-output>
  <suite name="Suite" duration-ms="21548" started-at="2020-11-29T15:10:57 IST" finished-at="2020-11-29T15:11:18 IST">
    <groups>
    </groups>
    <test name="Test" duration-ms="21548" started-at="2020-11-29T15:10:57 IST" finished-at="2020-11-29T15:11:18 IST">
      <class name="tests.JenkinsTest">
        <test-method status="PASS" signature="beforeClass()[pri:0, instance:tests.JenkinsTest@1f554b06]" name="beforeClass" is-config="true" duration-ms="6154" started-at="2020-11-29T15:10:57 IST" finished-at="2020-11-29T15:11:03 IST">
          <reporter-output>
          </reporter-output>
        </test-method> <!-- beforeClass -->
        <test-method status="PASS" signature="openBlog()[pri:0, instance:tests.JenkinsTest@1f554b06]" name="openBlog" duration-ms="8235" started-at="2020-11-29T15:11:03 IST" finished-at="2020-11-29T15:11:11 IST">
          <reporter-output>
          </reporter-output>
        </test-method> <!-- openBlog -->
        <test-method status="PASS" signature="afterClass()[pri:0, instance:tests.JenkinsTest@1f554b06]" name="afterClass" is-config="true" duration-ms="7095" started-at="2020-11-29T15:11:11 IST" finished-at="2020-11-29T15:11:18 IST">
          <reporter-output>
          </reporter-output>
        </test-method> <!-- afterClass -->
      </class> <!-- tests.JenkinsTest -->
    </test> <!-- Test -->
  </suite> <!-- Suite -->
</testng-results>
